TN:
SF:/Users/brunoagutoli/projetos/react-styled-select/src/Select/Select.js
FN:33,WrapperSelect
FN:87,(anonymous_9)
FN:93,(anonymous_10)
FN:100,(anonymous_11)
FN:108,(anonymous_12)
FN:116,(anonymous_13)
FN:119,(anonymous_14)
FN:120,(anonymous_15)
FN:36,(anonymous_16)
FN:69,(anonymous_20)
FN:80,(anonymous_23)
FN:193,innerRef
FN:213,(anonymous_27)
FN:221,onMouseDown
FN:281,onOpen
FN:282,onChange
FN:283,onValueClick
FN:284,onInputClear
FNF:18
FNH:18
FNDA:16,WrapperSelect
FNDA:1,(anonymous_9)
FNDA:4,(anonymous_10)
FNDA:4,(anonymous_11)
FNDA:7,(anonymous_12)
FNDA:5,(anonymous_13)
FNDA:5,(anonymous_14)
FNDA:8,(anonymous_15)
FNDA:18,(anonymous_16)
FNDA:7,(anonymous_20)
FNDA:2,(anonymous_23)
FNDA:60,innerRef
FNDA:14,(anonymous_27)
FNDA:4,onMouseDown
FNDA:6,onOpen
FNDA:3,onChange
FNDA:3,onValueClick
FNDA:1,onInputClear
DA:1,1
DA:2,1
DA:3,1
DA:4,1
DA:6,1
DA:14,1
DA:15,1
DA:16,1
DA:17,1
DA:18,1
DA:19,1
DA:20,1
DA:21,1
DA:22,1
DA:23,1
DA:24,1
DA:25,1
DA:26,1
DA:27,1
DA:28,1
DA:30,1
DA:33,112
DA:36,16
DA:37,18
DA:38,18
DA:41,16
DA:42,16
DA:43,4
DA:46,16
DA:57,16
DA:61,8
DA:65,13
DA:68,7
DA:69,7
DA:70,7
DA:76,7
DA:79,2
DA:80,2
DA:81,2
DA:82,2
DA:83,2
DA:88,1
DA:89,1
DA:90,1
DA:94,4
DA:95,4
DA:96,4
DA:97,4
DA:101,4
DA:104,4
DA:105,4
DA:109,7
DA:110,7
DA:113,7
DA:116,15
DA:117,5
DA:119,5
DA:120,5
DA:121,8
DA:122,8
DA:123,8
DA:125,5
DA:128,5
DA:129,5
DA:131,1
DA:132,1
DA:135,1
DA:138,1
DA:140,1
DA:141,1
DA:142,1
DA:145,0
DA:148,0
DA:150,0
DA:151,0
DA:152,0
DA:153,0
DA:155,0
DA:159,228
DA:160,38
DA:161,38
DA:163,38
DA:165,38
DA:166,11
DA:175,38
DA:176,25
DA:183,38
DA:193,60
DA:200,228
DA:201,38
DA:202,38
DA:204,38
DA:206,9
DA:208,9
DA:213,14
DA:221,4
DA:230,76
DA:231,38
DA:233,38
DA:235,37
DA:245,228
DA:246,38
DA:247,38
DA:248,38
DA:267,1
DA:280,1
LF:106
LH:99
BRDA:33,0,0,16
BRDA:33,0,1,0
BRDA:96,1,0,4
BRDA:96,1,1,0
BRDA:130,2,0,1
BRDA:130,2,1,1
BRDA:130,2,2,1
BRDA:130,2,3,0
BRDA:130,2,4,0
BRDA:131,3,0,1
BRDA:131,3,1,0
BRDA:136,4,0,1
BRDA:136,4,1,0
BRDA:140,5,0,1
BRDA:140,5,1,0
BRDA:146,6,0,0
BRDA:146,6,1,0
BRDA:150,7,0,0
BRDA:150,7,1,0
BRDA:42,8,0,4
BRDA:42,8,1,12
BRDA:42,9,0,16
BRDA:42,9,1,4
BRDA:70,10,0,7
BRDA:70,10,1,7
BRDA:165,11,0,11
BRDA:165,11,1,27
BRDA:165,12,0,38
BRDA:165,12,1,12
BRDA:175,13,0,25
BRDA:175,13,1,13
BRDA:175,14,0,38
BRDA:175,14,1,26
BRDA:204,15,0,29
BRDA:204,15,1,9
BRDA:233,16,0,1
BRDA:233,16,1,37
BRF:37
BRH:26
end_of_record
TN:
SF:/Users/brunoagutoli/projetos/react-styled-select/src/Select/Select.spec.js
FN:15,typing
FN:30,(anonymous_2)
FN:31,(anonymous_3)
FN:36,(anonymous_4)
FN:41,(anonymous_5)
FN:48,(anonymous_6)
FN:56,(anonymous_7)
FN:63,(anonymous_8)
FN:71,(anonymous_9)
FN:79,(anonymous_10)
FN:86,(anonymous_11)
FN:93,(anonymous_12)
FN:100,(anonymous_13)
FN:105,(anonymous_14)
FN:111,(anonymous_15)
FN:118,(anonymous_16)
FN:126,(anonymous_17)
FN:133,(anonymous_18)
FN:138,(anonymous_19)
FN:139,(anonymous_20)
FN:141,(anonymous_21)
FN:152,(anonymous_22)
FN:156,(anonymous_23)
FNF:23
FNH:23
FNDA:4,typing
FNDA:1,(anonymous_2)
FNDA:1,(anonymous_3)
FNDA:1,(anonymous_4)
FNDA:1,(anonymous_5)
FNDA:1,(anonymous_6)
FNDA:1,(anonymous_7)
FNDA:1,(anonymous_8)
FNDA:1,(anonymous_9)
FNDA:1,(anonymous_10)
FNDA:1,(anonymous_11)
FNDA:1,(anonymous_12)
FNDA:1,(anonymous_13)
FNDA:1,(anonymous_14)
FNDA:1,(anonymous_15)
FNDA:1,(anonymous_16)
FNDA:1,(anonymous_17)
FNDA:1,(anonymous_18)
FNDA:1,(anonymous_19)
FNDA:1,(anonymous_20)
FNDA:1,(anonymous_21)
FNDA:1,(anonymous_22)
FNDA:1,(anonymous_23)
DA:1,1
DA:2,1
DA:3,1
DA:5,1
DA:7,1
DA:15,1
DA:17,4
DA:18,4
DA:20,4
DA:21,4
DA:22,4
DA:25,1
DA:30,1
DA:31,1
DA:32,1
DA:33,1
DA:36,1
DA:37,1
DA:38,1
DA:41,1
DA:42,1
DA:43,1
DA:45,1
DA:48,1
DA:49,1
DA:50,1
DA:51,1
DA:52,1
DA:53,1
DA:56,1
DA:57,1
DA:58,1
DA:59,1
DA:60,1
DA:63,1
DA:64,1
DA:65,1
DA:66,1
DA:67,1
DA:68,1
DA:71,1
DA:72,1
DA:73,1
DA:74,1
DA:75,1
DA:76,1
DA:79,1
DA:80,1
DA:81,1
DA:82,1
DA:83,1
DA:86,1
DA:87,1
DA:88,1
DA:89,1
DA:90,1
DA:93,1
DA:94,1
DA:95,1
DA:96,1
DA:97,1
DA:100,1
DA:101,1
DA:102,1
DA:105,1
DA:106,1
DA:107,1
DA:108,1
DA:111,1
DA:112,1
DA:113,1
DA:114,1
DA:115,1
DA:118,1
DA:119,1
DA:120,1
DA:123,1
DA:124,1
DA:126,1
DA:127,1
DA:128,1
DA:129,1
DA:133,1
DA:134,1
DA:135,1
DA:136,1
DA:138,1
DA:139,1
DA:140,1
DA:141,1
DA:142,1
DA:143,1
DA:144,1
DA:145,1
DA:146,1
DA:152,1
DA:153,1
DA:154,1
DA:155,1
DA:156,1
DA:157,1
DA:158,1
LF:102
LH:102
BRDA:17,0,0,2
BRDA:17,0,1,2
BRDA:18,1,0,2
BRDA:18,1,1,2
BRF:4
BRH:4
end_of_record
TN:
SF:/Users/brunoagutoli/projetos/react-styled-select/src/Select/constants.js
FNF:0
FNH:0
DA:2,1
DA:3,1
DA:4,1
DA:5,1
DA:6,1
LF:5
LH:5
BRF:0
BRH:0
end_of_record
TN:
SF:/Users/brunoagutoli/projetos/react-styled-select/src/Select/functions/stringifyValue.js
FNF:0
FNH:0
DA:2,41
DA:3,41
DA:4,0
DA:5,41
DA:6,5
DA:7,36
DA:8,13
DA:10,23
LF:8
LH:7
BRDA:2,0,0,23
BRDA:2,0,1,18
BRDA:3,1,0,0
BRDA:3,1,1,41
BRDA:5,2,0,5
BRDA:5,2,1,36
BRDA:7,3,0,13
BRDA:7,3,1,23
BRDA:7,4,0,36
BRDA:7,4,1,23
BRF:10
BRH:9
end_of_record
TN:
SF:/Users/brunoagutoli/projetos/react-styled-select/src/Select/functions/stringifyValue.spec.js
FN:5,(anonymous_1)
FN:6,(anonymous_2)
FN:10,(anonymous_3)
FN:17,(anonymous_4)
FNF:4
FNH:4
FNDA:1,(anonymous_1)
FNDA:1,(anonymous_2)
FNDA:1,(anonymous_3)
FNDA:1,(anonymous_4)
DA:1,1
DA:3,1
DA:5,1
DA:6,1
DA:7,1
DA:10,1
DA:11,1
DA:14,1
DA:17,1
DA:18,1
DA:19,1
LF:11
LH:11
BRF:0
BRH:0
end_of_record
TN:
SF:/Users/brunoagutoli/projetos/react-styled-select/src/Select/partials/Select.js
FNF:0
FNH:0
DA:1,1
LF:1
LH:1
BRF:0
BRH:0
end_of_record
TN:
SF:/Users/brunoagutoli/projetos/react-styled-select/src/Select/partials/SelectArrow.js
FNF:0
FNH:0
DA:1,1
LF:1
LH:1
BRF:0
BRH:0
end_of_record
TN:
SF:/Users/brunoagutoli/projetos/react-styled-select/src/Select/partials/SelectArrowZone.js
FNF:0
FNH:0
DA:1,1
LF:1
LH:1
BRF:0
BRH:0
end_of_record
TN:
SF:/Users/brunoagutoli/projetos/react-styled-select/src/Select/partials/SelectClear.js
FNF:0
FNH:0
DA:1,1
LF:1
LH:1
BRF:0
BRH:0
end_of_record
TN:
SF:/Users/brunoagutoli/projetos/react-styled-select/src/Select/partials/SelectClearZone.js
FNF:0
FNH:0
DA:1,1
LF:1
LH:1
BRF:0
BRH:0
end_of_record
TN:
SF:/Users/brunoagutoli/projetos/react-styled-select/src/Select/partials/SelectControl.js
FNF:0
FNH:0
DA:1,1
LF:1
LH:1
BRF:0
BRH:0
end_of_record
TN:
SF:/Users/brunoagutoli/projetos/react-styled-select/src/Select/partials/SelectInput.js
FNF:0
FNH:0
DA:1,1
LF:1
LH:1
BRF:0
BRH:0
end_of_record
TN:
SF:/Users/brunoagutoli/projetos/react-styled-select/src/Select/partials/SelectInputField.js
FNF:0
FNH:0
DA:1,1
LF:1
LH:1
BRF:0
BRH:0
end_of_record
TN:
SF:/Users/brunoagutoli/projetos/react-styled-select/src/Select/partials/SelectMenu.js
FNF:0
FNH:0
DA:1,1
LF:1
LH:1
BRF:0
BRH:0
end_of_record
TN:
SF:/Users/brunoagutoli/projetos/react-styled-select/src/Select/partials/SelectMenuOuter.js
FNF:0
FNH:0
DA:1,1
LF:1
LH:1
BRF:0
BRH:0
end_of_record
TN:
SF:/Users/brunoagutoli/projetos/react-styled-select/src/Select/partials/SelectMultiValueWrapper.js
FNF:0
FNH:0
DA:1,1
LF:1
LH:1
BRF:0
BRH:0
end_of_record
TN:
SF:/Users/brunoagutoli/projetos/react-styled-select/src/Select/partials/SelectOption.js
FN:3,isFocused
FN:10,isSelected
FNF:2
FNH:2
FNDA:8,isFocused
FNDA:2,isSelected
DA:1,1
DA:3,8
DA:10,2
DA:28,14
DA:29,14
LF:5
LH:5
BRDA:28,0,0,14
BRDA:28,0,1,2
BRDA:29,1,0,14
BRDA:29,1,1,7
BRF:4
BRH:4
end_of_record
TN:
SF:/Users/brunoagutoli/projetos/react-styled-select/src/Select/partials/SelectPlaceholder.js
FNF:0
FNH:0
DA:1,1
LF:1
LH:1
BRF:0
BRH:0
end_of_record
TN:
SF:/Users/brunoagutoli/projetos/react-styled-select/src/Select/partials/SelectValue.js
FNF:0
FNH:0
DA:1,1
LF:1
LH:1
BRF:0
BRH:0
end_of_record
TN:
SF:/Users/brunoagutoli/projetos/react-styled-select/src/Select/partials/SelectValueLabel.js
FNF:0
FNH:0
DA:1,1
LF:1
LH:1
BRF:0
BRH:0
end_of_record
